 
****************************************
Report : area
Design : demosaic
Version: T-2022.03
Date   : Sat Jun  3 20:42:03 2023
****************************************

Library(s) Used:

    slow (File: /usr/cad/lib/CBDK_IC_Contest_v2.1/SynopsysDC/db/slow.db)

Number of ports:                          105
Number of nets:                           632
Number of cells:                          508
Number of combinational cells:            435
Number of sequential cells:                73
Number of macros/black boxes:               0
Number of buf/inv:                        116
Number of references:                      56

Combinational area:               4545.637240
Buf/Inv area:                     1269.655223
Noncombinational area:            2378.057327
Macro/Black Box area:                0.000000
Net Interconnect area:           68367.008545

Total cell area:                  6923.694567
Total area:                      75290.703112
1
