 
****************************************
Report : timing
        -path full
        -delay max
        -max_paths 1
Design : demosaic
Version: T-2022.03
Date   : Sat Jun  3 20:42:03 2023
****************************************

Operating Conditions: slow   Library: slow
Wire Load Model Mode: top

  Startpoint: center_reg[7]
              (rising edge-triggered flip-flop clocked by clk)
  Endpoint: addr_b[8] (output port clocked by clk)
  Path Group: clk
  Path Type: max

  Des/Clust/Port     Wire Load Model       Library
  ------------------------------------------------
  demosaic           tsmc13_wl10           slow

  Point                                    Incr       Path
  -----------------------------------------------------------
  clock clk (rise edge)                    0.00       0.00
  clock network delay (ideal)              0.50       0.50
  center_reg[7]/CK (DFFRX2)                0.00       0.50 r
  center_reg[7]/QN (DFFRX2)                0.89       1.39 r
  U462/Y (NOR2X1)                          0.50       1.89 f
  U464/Y (NOR2X2)                          0.65       2.54 r
  U465/Y (INVX1)                           0.45       2.99 f
  U313/Y (NAND2XL)                         0.70       3.68 r
  U309/Y (INVXL)                           0.47       4.15 f
  U494/Y (OAI21X2)                         0.62       4.77 r
  U377/Y (NOR2XL)                          0.24       5.01 f
  U379/Y (NOR2XL)                          0.40       5.41 r
  U380/Y (INVXL)                           0.22       5.63 f
  U298/Y (NOR2X1)                          0.50       6.12 r
  U375/Y (INVX12)                          0.60       6.73 f
  addr_b[8] (out)                          0.00       6.73 f
  data arrival time                                   6.73

  clock clk (fall edge)                   25.00      25.00
  clock network delay (ideal)              0.50      25.50
  clock uncertainty                       -0.10      25.40
  output external delay                    0.00      25.40
  data required time                                 25.40
  -----------------------------------------------------------
  data required time                                 25.40
  data arrival time                                  -6.73
  -----------------------------------------------------------
  slack (MET)                                        18.67


1
